<?xml version="1.0" encoding="utf-8"?><testsuites><testsuite errors="0" failures="0" hostname="awakeel-pc" name="pytest" skipped="0" tests="3" time="0.755" timestamp="2020-01-16T17:10:17.696490"><testcase classname="tests.tac" file="tests/tac.py" line="32" name="test_tac_get_method" time="0.014"></testcase><testcase classname="tests.tac" file="tests/tac.py" line="66" name="test_tac_post_method" time="0.010"></testcase><testcase classname="tests.tac" file="tests/tac.py" line="105" name="test_tac_api_validations" time="0.001"></testcase></testsuite></testsuites>